!SESSION 2013-07-28 16:25:58.026 -----------------------------------------------
eclipse.buildId=M20130204-1200
java.version=1.7.0_02
java.vendor=Oracle Corporation
BootLoader constants: OS=win32, ARCH=x86_64, WS=win32, NL=nl_NL
Framework arguments:  -product org.eclipse.epp.package.jee.product
Command-line arguments:  -os win32 -ws win32 -arch x86_64 -product org.eclipse.epp.package.jee.product

This is a continuation of log file C:\Users\ben\Desktop\GameMaker\Dropbox\PixelThrive\.metadata\.bak_0.log
Created Time: 2013-07-29 00:03:24.993

!ENTRY org.eclipse.core.resources 4 2 2013-07-29 00:03:24.994
!MESSAGE Problems occurred when invoking code from plug-in: "org.eclipse.core.resources".
!STACK 0
java.lang.NullPointerException
	at net.rim.ejde.internal.F.M.B(RIMEIDE:447)
	at net.rim.ejde.internal.F.C$_A.visit(RIMEIDE:799)
	at org.eclipse.core.internal.events.ResourceDelta.accept(ResourceDelta.java:69)
	at org.eclipse.core.internal.events.ResourceDelta.accept(ResourceDelta.java:80)
	at org.eclipse.core.internal.events.ResourceDelta.accept(ResourceDelta.java:80)
	at org.eclipse.core.internal.events.ResourceDelta.accept(ResourceDelta.java:80)
	at org.eclipse.core.internal.events.ResourceDelta.accept(ResourceDelta.java:80)
	at org.eclipse.core.internal.events.ResourceDelta.accept(ResourceDelta.java:80)
	at org.eclipse.core.internal.events.ResourceDelta.accept(ResourceDelta.java:80)
	at org.eclipse.core.internal.events.ResourceDelta.accept(ResourceDelta.java:49)
	at net.rim.ejde.internal.F.C$_B.resourceChanged(RIMEIDE:649)
	at org.eclipse.core.internal.events.NotificationManager$1.run(NotificationManager.java:291)
	at org.eclipse.core.runtime.SafeRunner.run(SafeRunner.java:42)
	at org.eclipse.core.internal.events.NotificationManager.notify(NotificationManager.java:285)
	at org.eclipse.core.internal.events.NotificationManager.broadcastChanges(NotificationManager.java:149)
	at org.eclipse.core.internal.resources.Workspace.broadcastPostChange(Workspace.java:395)
	at org.eclipse.core.internal.resources.Workspace.endOperation(Workspace.java:1530)
	at org.eclipse.core.internal.resources.Workspace.run(Workspace.java:2353)
	at org.eclipse.ui.actions.WorkspaceModifyOperation.run(WorkspaceModifyOperation.java:118)
	at org.eclipse.ui.internal.editors.text.WorkspaceOperationRunner.run(WorkspaceOperationRunner.java:75)
	at org.eclipse.ui.internal.editors.text.WorkspaceOperationRunner.run(WorkspaceOperationRunner.java:65)
	at org.eclipse.ui.editors.text.TextFileDocumentProvider.executeOperation(TextFileDocumentProvider.java:456)
	at org.eclipse.ui.editors.text.TextFileDocumentProvider.saveDocument(TextFileDocumentProvider.java:772)
	at org.eclipse.ui.texteditor.AbstractTextEditor.performSave(AbstractTextEditor.java:5066)
	at org.eclipse.ui.texteditor.AbstractTextEditor.doSave(AbstractTextEditor.java:4855)
	at org.eclipse.ui.texteditor.AbstractTextEditor$TextEditorSavable.doSave(AbstractTextEditor.java:7198)
	at org.eclipse.ui.Saveable.doSave(Saveable.java:214)
	at org.eclipse.ui.internal.SaveableHelper.doSaveModel(SaveableHelper.java:346)
	at org.eclipse.ui.internal.SaveableHelper$3.run(SaveableHelper.java:193)
	at org.eclipse.ui.internal.SaveableHelper$5.run(SaveableHelper.java:274)
	at org.eclipse.jface.operation.ModalContext.runInCurrentThread(ModalContext.java:464)
	at org.eclipse.jface.operation.ModalContext.run(ModalContext.java:372)
	at org.eclipse.ui.internal.WorkbenchWindow$13.run(WorkbenchWindow.java:1679)
	at org.eclipse.swt.custom.BusyIndicator.showWhile(BusyIndicator.java:70)
	at org.eclipse.ui.internal.WorkbenchWindow.run(WorkbenchWindow.java:1676)
	at org.eclipse.ui.internal.SaveableHelper.runProgressMonitorOperation(SaveableHelper.java:282)
	at org.eclipse.ui.internal.SaveableHelper.runProgressMonitorOperation(SaveableHelper.java:261)
	at org.eclipse.ui.internal.SaveableHelper.saveModels(SaveableHelper.java:204)
	at org.eclipse.ui.internal.SaveableHelper.savePart(SaveableHelper.java:144)
	at org.eclipse.ui.internal.e4.compatibility.CompatibilityPart.doSave(CompatibilityPart.java:417)
	at sun.reflect.GeneratedMethodAccessor41.invoke(Unknown Source)
	at sun.reflect.DelegatingMethodAccessorImpl.invoke(Unknown Source)
	at java.lang.reflect.Method.invoke(Unknown Source)
	at org.eclipse.e4.core.internal.di.MethodRequestor.execute(MethodRequestor.java:56)
	at org.eclipse.e4.core.internal.di.InjectorImpl.invokeUsingClass(InjectorImpl.java:231)
	at org.eclipse.e4.core.internal.di.InjectorImpl.invokeUsingClass(InjectorImpl.java:237)
	at org.eclipse.e4.core.internal.di.InjectorImpl.invoke(InjectorImpl.java:201)
	at org.eclipse.e4.core.contexts.ContextInjectionFactory.invoke(ContextInjectionFactory.java:89)
	at org.eclipse.e4.ui.internal.workbench.PartServiceImpl.savePart(PartServiceImpl.java:1223)
	at org.eclipse.ui.internal.WorkbenchPage.saveSaveable(WorkbenchPage.java:3437)
	at org.eclipse.ui.internal.WorkbenchPage.saveEditor(WorkbenchPage.java:3455)
	at org.eclipse.ui.internal.SaveAction.run(SaveAction.java:76)
	at org.eclipse.jface.action.Action.runWithEvent(Action.java:498)
	at org.eclipse.jface.commands.ActionHandler.execute(ActionHandler.java:119)
	at org.eclipse.ui.internal.handlers.E4HandlerProxy.execute(E4HandlerProxy.java:76)
	at sun.reflect.GeneratedMethodAccessor39.invoke(Unknown Source)
	at sun.reflect.DelegatingMethodAccessorImpl.invoke(Unknown Source)
	at java.lang.reflect.Method.invoke(Unknown Source)
	at org.eclipse.e4.core.internal.di.MethodRequestor.execute(MethodRequestor.java:56)
	at org.eclipse.e4.core.internal.di.InjectorImpl.invokeUsingClass(InjectorImpl.java:231)
	at org.eclipse.e4.core.internal.di.InjectorImpl.invoke(InjectorImpl.java:212)
	at org.eclipse.e4.core.contexts.ContextInjectionFactory.invoke(ContextInjectionFactory.java:131)
	at org.eclipse.e4.core.commands.internal.HandlerServiceImpl.executeHandler(HandlerServiceImpl.java:171)
	at org.eclipse.e4.ui.bindings.keys.KeyBindingDispatcher.executeCommand(KeyBindingDispatcher.java:277)
	at org.eclipse.e4.ui.bindings.keys.KeyBindingDispatcher.press(KeyBindingDispatcher.java:496)
	at org.eclipse.e4.ui.bindings.keys.KeyBindingDispatcher.processKeyEvent(KeyBindingDispatcher.java:547)
	at org.eclipse.e4.ui.bindings.keys.KeyBindingDispatcher.filterKeySequenceBindings(KeyBindingDispatcher.java:368)
	at org.eclipse.e4.ui.bindings.keys.KeyBindingDispatcher.access$0(KeyBindingDispatcher.java:314)
	at org.eclipse.e4.ui.bindings.keys.KeyBindingDispatcher$KeyDownFilter.handleEvent(KeyBindingDispatcher.java:83)
	at org.eclipse.swt.widgets.EventTable.sendEvent(EventTable.java:84)
	at org.eclipse.swt.widgets.Display.filterEvent(Display.java:1262)
	at org.eclipse.swt.widgets.Widget.sendEvent(Widget.java:1052)
	at org.eclipse.swt.widgets.Widget.sendEvent(Widget.java:1077)
	at org.eclipse.swt.widgets.Widget.sendEvent(Widget.java:1062)
	at org.eclipse.swt.widgets.Widget.sendKeyEvent(Widget.java:1104)
	at org.eclipse.swt.widgets.Widget.sendKeyEvent(Widget.java:1100)
	at org.eclipse.swt.widgets.Widget.wmChar(Widget.java:1521)
	at org.eclipse.swt.widgets.Control.WM_CHAR(Control.java:4640)
	at org.eclipse.swt.widgets.Canvas.WM_CHAR(Canvas.java:345)
	at org.eclipse.swt.widgets.Control.windowProc(Control.java:4528)
	at org.eclipse.swt.widgets.Canvas.windowProc(Canvas.java:341)
	at org.eclipse.swt.widgets.Display.windowProc(Display.java:4976)
	at org.eclipse.swt.internal.win32.OS.DispatchMessageW(Native Method)
	at org.eclipse.swt.internal.win32.OS.DispatchMessage(OS.java:2546)
	at org.eclipse.swt.widgets.Display.readAndDispatch(Display.java:3756)
	at org.eclipse.e4.ui.internal.workbench.swt.PartRenderingEngine$9.run(PartRenderingEngine.java:1053)
	at org.eclipse.core.databinding.observable.Realm.runWithDefault(Realm.java:332)
	at org.eclipse.e4.ui.internal.workbench.swt.PartRenderingEngine.run(PartRenderingEngine.java:942)
	at org.eclipse.e4.ui.internal.workbench.E4Workbench.createAndRunUI(E4Workbench.java:86)
	at org.eclipse.ui.internal.Workbench$5.run(Workbench.java:588)
	at org.eclipse.core.databinding.observable.Realm.runWithDefault(Realm.java:332)
	at org.eclipse.ui.internal.Workbench.createAndRunWorkbench(Workbench.java:543)
	at org.eclipse.ui.PlatformUI.createAndRunWorkbench(PlatformUI.java:149)
	at org.eclipse.ui.internal.ide.application.IDEApplication.start(IDEApplication.java:124)
	at org.eclipse.equinox.internal.app.EclipseAppHandle.run(EclipseAppHandle.java:196)
	at org.eclipse.core.runtime.internal.adaptor.EclipseAppLauncher.runApplication(EclipseAppLauncher.java:110)
	at org.eclipse.core.runtime.internal.adaptor.EclipseAppLauncher.start(EclipseAppLauncher.java:79)
	at org.eclipse.core.runtime.adaptor.EclipseStarter.run(EclipseStarter.java:353)
	at org.eclipse.core.runtime.adaptor.EclipseStarter.run(EclipseStarter.java:180)
	at sun.reflect.NativeMethodAccessorImpl.invoke0(Native Method)
	at sun.reflect.NativeMethodAccessorImpl.invoke(Unknown Source)
	at sun.reflect.DelegatingMethodAccessorImpl.invoke(Unknown Source)
	at java.lang.reflect.Method.invoke(Unknown Source)
	at org.eclipse.equinox.launcher.Main.invokeFramework(Main.java:629)
	at org.eclipse.equinox.launcher.Main.basicRun(Main.java:584)
	at org.eclipse.equinox.launcher.Main.run(Main.java:1438)
	at org.eclipse.equinox.launcher.Main.main(Main.java:1414)
!SESSION 2013-07-29 16:05:51.882 -----------------------------------------------
eclipse.buildId=M20130204-1200
java.version=1.7.0_02
java.vendor=Oracle Corporation
BootLoader constants: OS=win32, ARCH=x86_64, WS=win32, NL=nl_NL
Framework arguments:  -product org.eclipse.epp.package.jee.product
Command-line arguments:  -os win32 -ws win32 -arch x86_64 -product org.eclipse.epp.package.jee.product

!ENTRY org.eclipse.egit.ui 2 0 2013-07-29 16:06:10.650
!MESSAGE Warning: EGit couldn't detect the installation path "gitPrefix" of native Git. Hence EGit can't respect system level
Git settings which might be configured in ${gitPrefix}/etc/gitconfig under the native Git installation directory.
The most important of these settings is core.autocrlf. Git for Windows by default sets this parameter to true in
this system level configuration. The Git installation location can be configured on the
Team > Git > Configuration preference page's 'System Settings' tab.
This warning can be switched off on the Team > Git > Confirmations and Warnings preference page.

!ENTRY org.eclipse.egit.ui 2 0 2013-07-29 16:06:10.651
!MESSAGE Warning: The environment variable HOME is not set. The following directory will be used to store the Git
user global configuration and to define the default location to store repositories: 'C:\Users\ben'. If this is
not correct please set the HOME environment variable and restart Eclipse. Otherwise Git for Windows and
EGit might behave differently since they see different configuration options.
This warning can be switched off on the Team > Git > Confirmations and Warnings preference page.

!ENTRY org.eclipse.jdt.debug 4 125 2013-07-29 16:26:46.273
!MESSAGE Internal error logged from JDI Debug: 
!STACK 0
com.sun.jdi.IncompatibleThreadStateException: Thread was not suspended
	at org.eclipse.jdi.internal.ThreadReferenceImpl.frames(ThreadReferenceImpl.java:263)
	at org.eclipse.jdi.internal.ThreadReferenceImpl.frames(ThreadReferenceImpl.java:240)
	at org.eclipse.jdt.internal.debug.core.model.JDIThread.getUnderlyingFrames(JDIThread.java:663)
	at org.eclipse.jdt.internal.debug.core.model.JDIThread.computeStackFrames(JDIThread.java:562)
	at org.eclipse.jdt.internal.debug.core.model.JDIThread.computeStackFrames(JDIThread.java:634)
	at org.eclipse.jdt.internal.debug.core.model.JDIThread.getTopStackFrame(JDIThread.java:1211)
	at org.eclipse.jdt.internal.debug.core.model.JDIStackFrame.isTopStackFrame(JDIStackFrame.java:980)
	at org.eclipse.jdt.internal.debug.core.model.JDIStackFrame.canStepInto(JDIStackFrame.java:214)
	at org.eclipse.debug.internal.core.commands.StepIntoCommand.isSteppable(StepIntoCommand.java:26)
	at org.eclipse.debug.internal.core.commands.StepCommand.isExecutable(StepCommand.java:43)
	at org.eclipse.debug.core.commands.AbstractDebugCommand$UpdateJob.run(AbstractDebugCommand.java:100)
	at org.eclipse.core.internal.jobs.Worker.run(Worker.java:53)

!ENTRY org.eclipse.jdt.debug 4 125 2013-07-29 16:26:50.205
!MESSAGE Internal error logged from JDI Debug: 
!STACK 0
com.sun.jdi.IncompatibleThreadStateException: Thread was not suspended
	at org.eclipse.jdi.internal.ThreadReferenceImpl.frames(ThreadReferenceImpl.java:263)
	at org.eclipse.jdi.internal.ThreadReferenceImpl.frames(ThreadReferenceImpl.java:240)
	at org.eclipse.jdt.internal.debug.core.model.JDIThread.getUnderlyingFrames(JDIThread.java:663)
	at org.eclipse.jdt.internal.debug.core.model.JDIThread.computeStackFrames(JDIThread.java:562)
	at org.eclipse.jdt.internal.debug.core.model.JDIThread.computeStackFrames(JDIThread.java:634)
	at org.eclipse.jdt.internal.debug.core.model.JDIThread.getTopStackFrame(JDIThread.java:1211)
	at org.eclipse.jdt.internal.debug.core.model.JDIStackFrame.isTopStackFrame(JDIStackFrame.java:980)
	at org.eclipse.jdt.internal.debug.core.model.JDIStackFrame.canStepInto(JDIStackFrame.java:214)
	at org.eclipse.debug.internal.core.commands.StepIntoCommand.isSteppable(StepIntoCommand.java:26)
	at org.eclipse.debug.internal.core.commands.StepCommand.isExecutable(StepCommand.java:43)
	at org.eclipse.debug.core.commands.AbstractDebugCommand$UpdateJob.run(AbstractDebugCommand.java:100)
	at org.eclipse.core.internal.jobs.Worker.run(Worker.java:53)

!ENTRY org.eclipse.jdt.debug 4 125 2013-07-29 16:27:18.398
!MESSAGE Internal error logged from JDI Debug: 
!STACK 0
com.sun.jdi.IncompatibleThreadStateException: Thread was not suspended
	at org.eclipse.jdi.internal.ThreadReferenceImpl.frames(ThreadReferenceImpl.java:263)
	at org.eclipse.jdi.internal.ThreadReferenceImpl.frames(ThreadReferenceImpl.java:240)
	at org.eclipse.jdt.internal.debug.core.model.JDIThread.getUnderlyingFrames(JDIThread.java:663)
	at org.eclipse.jdt.internal.debug.core.model.JDIThread.computeStackFrames(JDIThread.java:562)
	at org.eclipse.jdt.internal.debug.core.model.JDIThread.computeStackFrames(JDIThread.java:634)
	at org.eclipse.jdt.internal.debug.core.model.JDIThread.getTopStackFrame(JDIThread.java:1211)
	at org.eclipse.jdt.internal.debug.core.model.JDIStackFrame.isTopStackFrame(JDIStackFrame.java:980)
	at org.eclipse.jdt.internal.debug.core.model.JDIStackFrame.canStepInto(JDIStackFrame.java:214)
	at org.eclipse.debug.internal.core.commands.StepIntoCommand.isSteppable(StepIntoCommand.java:26)
	at org.eclipse.debug.internal.core.commands.StepCommand.isExecutable(StepCommand.java:43)
	at org.eclipse.debug.core.commands.AbstractDebugCommand$UpdateJob.run(AbstractDebugCommand.java:100)
	at org.eclipse.core.internal.jobs.Worker.run(Worker.java:53)

!ENTRY org.eclipse.jdt.debug 4 125 2013-07-29 16:38:16.940
!MESSAGE Internal error logged from JDI Debug: 
!STACK 0
com.sun.jdi.IncompatibleThreadStateException: Thread was not suspended
	at org.eclipse.jdi.internal.ThreadReferenceImpl.frames(ThreadReferenceImpl.java:263)
	at org.eclipse.jdi.internal.ThreadReferenceImpl.frames(ThreadReferenceImpl.java:240)
	at org.eclipse.jdt.internal.debug.core.model.JDIThread.getUnderlyingFrames(JDIThread.java:663)
	at org.eclipse.jdt.internal.debug.core.model.JDIThread.computeStackFrames(JDIThread.java:562)
	at org.eclipse.jdt.internal.debug.core.model.JDIThread.computeStackFrames(JDIThread.java:634)
	at org.eclipse.jdt.internal.debug.core.model.JDIThread.getTopStackFrame(JDIThread.java:1211)
	at org.eclipse.jdt.internal.debug.core.model.JDIStackFrame.isTopStackFrame(JDIStackFrame.java:980)
	at org.eclipse.jdt.internal.debug.core.model.JDIStackFrame.canStepInto(JDIStackFrame.java:214)
	at org.eclipse.debug.internal.core.commands.StepIntoCommand.isSteppable(StepIntoCommand.java:26)
	at org.eclipse.debug.internal.core.commands.StepCommand.isExecutable(StepCommand.java:43)
	at org.eclipse.debug.core.commands.AbstractDebugCommand$UpdateJob.run(AbstractDebugCommand.java:100)
	at org.eclipse.core.internal.jobs.Worker.run(Worker.java:53)

!ENTRY org.eclipse.jdt.core 4 4 2013-07-29 16:39:13.501
!MESSAGE Background Indexer Crash Recovery
!STACK 0
java.lang.OutOfMemoryError: Java heap space
	at org.eclipse.jdt.internal.compiler.util.HashtableOfObject.<init>(HashtableOfObject.java:38)
	at org.eclipse.jdt.internal.core.index.DiskIndex.readCategoryTable(DiskIndex.java:643)
	at org.eclipse.jdt.internal.core.index.DiskIndex.mergeCategory(DiskIndex.java:464)
	at org.eclipse.jdt.internal.core.index.DiskIndex.mergeCategories(DiskIndex.java:456)
	at org.eclipse.jdt.internal.core.index.DiskIndex.mergeWith(DiskIndex.java:550)
	at org.eclipse.jdt.internal.core.index.Index.save(Index.java:198)
	at org.eclipse.jdt.internal.core.search.indexing.IndexManager.saveIndex(IndexManager.java:807)
	at org.eclipse.jdt.internal.core.search.indexing.IndexManager.saveIndexes(IndexManager.java:849)
	at org.eclipse.jdt.internal.core.search.indexing.IndexManager.notifyIdle(IndexManager.java:569)
	at org.eclipse.jdt.internal.core.search.processing.JobManager.run(JobManager.java:388)
	at java.lang.Thread.run(Unknown Source)

!ENTRY org.eclipse.jdt.debug 4 125 2013-07-29 16:39:13.628
!MESSAGE Internal error logged from JDI Debug: 
!STACK 0
com.sun.jdi.IncompatibleThreadStateException: Thread was not suspended
	at org.eclipse.jdi.internal.ThreadReferenceImpl.frames(ThreadReferenceImpl.java:263)
	at org.eclipse.jdi.internal.ThreadReferenceImpl.frames(ThreadReferenceImpl.java:240)
	at org.eclipse.jdt.internal.debug.core.model.JDIThread.getUnderlyingFrames(JDIThread.java:663)
	at org.eclipse.jdt.internal.debug.core.model.JDIThread.computeStackFrames(JDIThread.java:562)
	at org.eclipse.jdt.internal.debug.core.model.JDIThread.computeStackFrames(JDIThread.java:634)
	at org.eclipse.jdt.internal.debug.core.model.JDIThread.getTopStackFrame(JDIThread.java:1211)
	at org.eclipse.jdt.internal.debug.core.model.JDIStackFrame.isTopStackFrame(JDIStackFrame.java:980)
	at org.eclipse.jdt.internal.debug.core.model.JDIStackFrame.canStepInto(JDIStackFrame.java:214)
	at org.eclipse.debug.internal.core.commands.StepIntoCommand.isSteppable(StepIntoCommand.java:26)
	at org.eclipse.debug.internal.core.commands.StepCommand.isExecutable(StepCommand.java:43)
	at org.eclipse.debug.core.commands.AbstractDebugCommand$UpdateJob.run(AbstractDebugCommand.java:100)
	at org.eclipse.core.internal.jobs.Worker.run(Worker.java:53)

!ENTRY org.eclipse.jdt.debug 4 125 2013-07-29 16:41:36.038
!MESSAGE Internal error logged from JDI Debug: 
!STACK 0
com.sun.jdi.IncompatibleThreadStateException: Thread was not suspended
	at org.eclipse.jdi.internal.ThreadReferenceImpl.frames(ThreadReferenceImpl.java:263)
	at org.eclipse.jdi.internal.ThreadReferenceImpl.frames(ThreadReferenceImpl.java:240)
	at org.eclipse.jdt.internal.debug.core.model.JDIThread.getUnderlyingFrames(JDIThread.java:663)
	at org.eclipse.jdt.internal.debug.core.model.JDIThread.computeStackFrames(JDIThread.java:562)
	at org.eclipse.jdt.internal.debug.core.model.JDIThread.computeStackFrames(JDIThread.java:634)
	at org.eclipse.jdt.internal.debug.core.model.JDIThread.getTopStackFrame(JDIThread.java:1211)
	at org.eclipse.jdt.internal.debug.core.model.JDIStackFrame.isTopStackFrame(JDIStackFrame.java:980)
	at org.eclipse.jdt.internal.debug.core.model.JDIStackFrame.canStepInto(JDIStackFrame.java:214)
	at org.eclipse.debug.internal.core.commands.StepIntoCommand.isSteppable(StepIntoCommand.java:26)
	at org.eclipse.debug.internal.core.commands.StepCommand.isExecutable(StepCommand.java:43)
	at org.eclipse.debug.core.commands.AbstractDebugCommand$UpdateJob.run(AbstractDebugCommand.java:100)
	at org.eclipse.core.internal.jobs.Worker.run(Worker.java:53)

!ENTRY org.eclipse.jdt.debug 4 125 2013-07-29 16:41:44.225
!MESSAGE Internal error logged from JDI Debug: 
!STACK 0
com.sun.jdi.IncompatibleThreadStateException: Thread was not suspended
	at org.eclipse.jdi.internal.ThreadReferenceImpl.frames(ThreadReferenceImpl.java:263)
	at org.eclipse.jdi.internal.ThreadReferenceImpl.frames(ThreadReferenceImpl.java:240)
	at org.eclipse.jdt.internal.debug.core.model.JDIThread.getUnderlyingFrames(JDIThread.java:663)
	at org.eclipse.jdt.internal.debug.core.model.JDIThread.computeStackFrames(JDIThread.java:562)
	at org.eclipse.jdt.internal.debug.core.model.JDIThread.computeStackFrames(JDIThread.java:634)
	at org.eclipse.jdt.internal.debug.core.model.JDIThread.getTopStackFrame(JDIThread.java:1211)
	at org.eclipse.jdt.internal.debug.core.model.JDIStackFrame.isTopStackFrame(JDIStackFrame.java:980)
	at org.eclipse.jdt.internal.debug.core.model.JDIStackFrame.canStepInto(JDIStackFrame.java:214)
	at org.eclipse.debug.internal.core.commands.StepIntoCommand.isSteppable(StepIntoCommand.java:26)
	at org.eclipse.debug.internal.core.commands.StepCommand.isExecutable(StepCommand.java:43)
	at org.eclipse.debug.core.commands.AbstractDebugCommand$UpdateJob.run(AbstractDebugCommand.java:100)
	at org.eclipse.core.internal.jobs.Worker.run(Worker.java:53)

!ENTRY org.eclipse.jdt.debug 4 125 2013-07-29 16:41:48.286
!MESSAGE Internal error logged from JDI Debug: 
!STACK 0
com.sun.jdi.IncompatibleThreadStateException: Thread was not suspended
	at org.eclipse.jdi.internal.ThreadReferenceImpl.frames(ThreadReferenceImpl.java:263)
	at org.eclipse.jdi.internal.ThreadReferenceImpl.frames(ThreadReferenceImpl.java:240)
	at org.eclipse.jdt.internal.debug.core.model.JDIThread.getUnderlyingFrames(JDIThread.java:663)
	at org.eclipse.jdt.internal.debug.core.model.JDIThread.computeStackFrames(JDIThread.java:562)
	at org.eclipse.jdt.internal.debug.core.model.JDIThread.computeStackFrames(JDIThread.java:634)
	at org.eclipse.jdt.internal.debug.core.model.JDIThread.getTopStackFrame(JDIThread.java:1211)
	at org.eclipse.jdt.internal.debug.core.model.JDIStackFrame.isTopStackFrame(JDIStackFrame.java:980)
	at org.eclipse.jdt.internal.debug.core.model.JDIStackFrame.canStepInto(JDIStackFrame.java:214)
	at org.eclipse.debug.internal.core.commands.StepIntoCommand.isSteppable(StepIntoCommand.java:26)
	at org.eclipse.debug.internal.core.commands.StepCommand.isExecutable(StepCommand.java:43)
	at org.eclipse.debug.core.commands.AbstractDebugCommand$UpdateJob.run(AbstractDebugCommand.java:100)
	at org.eclipse.core.internal.jobs.Worker.run(Worker.java:53)

!ENTRY org.eclipse.jdt.debug 4 125 2013-07-29 16:41:59.099
!MESSAGE Internal error logged from JDI Debug: 
!STACK 0
com.sun.jdi.IncompatibleThreadStateException: Thread was not suspended
	at org.eclipse.jdi.internal.ThreadReferenceImpl.frames(ThreadReferenceImpl.java:263)
	at org.eclipse.jdi.internal.ThreadReferenceImpl.frames(ThreadReferenceImpl.java:240)
	at org.eclipse.jdt.internal.debug.core.model.JDIThread.getUnderlyingFrames(JDIThread.java:663)
	at org.eclipse.jdt.internal.debug.core.model.JDIThread.computeStackFrames(JDIThread.java:562)
	at org.eclipse.jdt.internal.debug.core.model.JDIThread.computeStackFrames(JDIThread.java:634)
	at org.eclipse.jdt.internal.debug.core.model.JDIThread.getTopStackFrame(JDIThread.java:1211)
	at org.eclipse.jdt.internal.debug.core.model.JDIStackFrame.isTopStackFrame(JDIStackFrame.java:980)
	at org.eclipse.jdt.internal.debug.core.model.JDIStackFrame.canStepInto(JDIStackFrame.java:214)
	at org.eclipse.debug.internal.core.commands.StepIntoCommand.isSteppable(StepIntoCommand.java:26)
	at org.eclipse.debug.internal.core.commands.StepCommand.isExecutable(StepCommand.java:43)
	at org.eclipse.debug.core.commands.AbstractDebugCommand$UpdateJob.run(AbstractDebugCommand.java:100)
	at org.eclipse.core.internal.jobs.Worker.run(Worker.java:53)

!ENTRY org.eclipse.jdt.debug 4 125 2013-07-29 16:42:06.184
!MESSAGE Internal error logged from JDI Debug: 
!STACK 0
com.sun.jdi.IncompatibleThreadStateException: Thread was not suspended
	at org.eclipse.jdi.internal.ThreadReferenceImpl.frames(ThreadReferenceImpl.java:263)
	at org.eclipse.jdi.internal.ThreadReferenceImpl.frames(ThreadReferenceImpl.java:240)
	at org.eclipse.jdt.internal.debug.core.model.JDIThread.getUnderlyingFrames(JDIThread.java:663)
	at org.eclipse.jdt.internal.debug.core.model.JDIThread.computeStackFrames(JDIThread.java:562)
	at org.eclipse.jdt.internal.debug.core.model.JDIThread.computeStackFrames(JDIThread.java:634)
	at org.eclipse.jdt.internal.debug.core.model.JDIThread.getTopStackFrame(JDIThread.java:1211)
	at org.eclipse.jdt.internal.debug.core.model.JDIStackFrame.isTopStackFrame(JDIStackFrame.java:980)
	at org.eclipse.jdt.internal.debug.core.model.JDIStackFrame.canStepInto(JDIStackFrame.java:214)
	at org.eclipse.debug.internal.core.commands.StepIntoCommand.isSteppable(StepIntoCommand.java:26)
	at org.eclipse.debug.internal.core.commands.StepCommand.isExecutable(StepCommand.java:43)
	at org.eclipse.debug.core.commands.AbstractDebugCommand$UpdateJob.run(AbstractDebugCommand.java:100)
	at org.eclipse.core.internal.jobs.Worker.run(Worker.java:53)
